<?xml version="1.0" encoding="UTF-8"?>
<!-- Generated by org.testng.reporters.JUnitReportReporter -->
<testsuite hostname="DESKTOP-21FFCBE" failures="0" tests="2" name="TestRunner.Run" time="53.249" errors="0" timestamp="2024-06-14T13:40:07 IST" skipped="0">
  <testcase classname="TestRunner.Run" name="runScenario" time="21.557"/>
  <testcase classname="TestRunner.Run" name="runScenario" time="31.692"/>
</testsuite> <!-- TestRunner.Run -->
